<?xml version="1.0" encoding="UTF-8"?>
<!-- Generated by org.testng.reporters.JUnitReportReporter -->
<testsuite hostname="LT0091756" failures="0" tests="2" name="AutomationScripts.ContectScripts.ContectDetailsTest" time="30.168" errors="0" timestamp="21 Apr 2019 15:58:28 GMT" skipped="0">
  <testcase classname="AutomationScripts.ContectScripts.ContectDetailsTest" name="contectFillDetails" time="15.379"/>
  <testcase classname="AutomationScripts.ContectScripts.ContectDetailsTest" name="contectFillDetails" time="14.789"/>
</testsuite> <!-- AutomationScripts.ContectScripts.ContectDetailsTest -->
