<?xml version="1.0" encoding="UTF-8"?>
<!-- Generated by org.testng.reporters.JUnitReportReporter -->
<testsuite hostname="LT0091756" failures="0" tests="1" name="AutomationScripts.ContectScripts.ContectPage" time="13.435" errors="0" timestamp="11 Apr 2019 19:34:42 GMT" skipped="0">
  <testcase classname="AutomationScripts.ContectScripts.ContectPage" name="contectTest" time="13.435"/>
</testsuite> <!-- AutomationScripts.ContectScripts.ContectPage -->
