<?xml version="1.0" encoding="UTF-8"?>
<!-- Generated by org.testng.reporters.JUnitReportReporter -->
<testsuite hostname="LT0091756" failures="0" tests="2" name="AutomationScripts.ContectScripts.ContectDetailsTest" time="36.565" errors="0" timestamp="19 Apr 2019 10:34:41 GMT" skipped="0">
  <testcase classname="AutomationScripts.ContectScripts.ContectDetailsTest" name="contectFillDetails" time="16.611"/>
  <testcase classname="AutomationScripts.ContectScripts.ContectDetailsTest" name="contectFillDetails" time="19.954"/>
</testsuite> <!-- AutomationScripts.ContectScripts.ContectDetailsTest -->
