<?xml version="1.0" encoding="UTF-8"?>
<!-- Generated by org.testng.reporters.JUnitReportReporter -->
<testsuite hostname="LT0091756" failures="0" tests="1" name="AutomationScripts.ContectPage" time="7.809" errors="0" timestamp="09 Apr 2019 13:30:30 GMT" skipped="0">
  <testcase classname="AutomationScripts.ContectPage" name="contectTest" time="7.809"/>
</testsuite> <!-- AutomationScripts.ContectPage -->
