<?xml version="1.0" encoding="UTF-8"?>
<!-- Generated by org.testng.reporters.JUnitReportReporter -->
<testsuite hostname="LT0091756" failures="0" tests="2" name="AutomationScripts.ContectScripts.ContectDetails" time="40.153" errors="0" timestamp="11 Apr 2019 20:21:42 GMT" skipped="0">
  <testcase classname="AutomationScripts.ContectScripts.ContectDetails" name="contectFillDetails" time="17.710"/>
  <testcase classname="AutomationScripts.ContectScripts.ContectDetails" name="contectFillDetails" time="22.443"/>
</testsuite> <!-- AutomationScripts.ContectScripts.ContectDetails -->
